****************Begin List*****************
-- listing properties --
java.assistive=ON
platform.notASCII=true
java.runtime.name=Java(TM) 2 Runtime Environment, Stand...
sun.boot.library.path=/usr/lpp/java/J2/J1.3/bin
java.vm.version=1.3.1
java.vm.vendor=IBM Corporation
java.vendor.url=http://www.ibm.com/
path.separator=:
java.vm.name=Classic VM
file.encoding.pkg=sun.io
java.vm.specification.name=Java Virtual Machine Specification
user.dir=/u/wallen/build390
java.runtime.version=1.3.1
java.fullversion=J2RE 1.3.1 IBM OS/390 Persistent Reus...
java.awt.graphicsenv=sun.awt.X11GraphicsEnvironment
os.arch=390
java.io.tmpdir=/tmp
line.separator=

java.vm.specification.vendor=Sun Microsystems Inc.
java.awt.fonts=
os.name=z/OS
java.library.path=/usr/lpp/java/J2/J1.3/bin/:/usr/lpp/j...
java.specification.name=Java Platform API Specification
java.class.version=46.0
invokedviajava=
os.version=01.05.00
user.home=/u/wallen
user.timezone=EST
java.awt.printerjob=sun.awt.motif.PSPrinterJob
file.encoding=Cp1047
java.specification.version=1.3
user.name=WALLEN
java.class.path=.
java.vm.specification.version=1.0
java.home=/usr/lpp/java/J2/J1.3
java.specification.vendor=Sun Microsystems Inc.
user.language=en
java.vm.info=J2RE 1.3.1 IBM OS/390 Persistent Reus...
java.version=1.3.1
java.ext.dirs=/usr/lpp/java/J2/J1.3/lib/ext
sun.boot.class.path=/usr/lpp/java/J2/J1.3/lib/rt.jar:/usr...
java.vendor=IBM Corporation
file.separator=/
java.vendor.url.bug=
java.compiler=jitc
sun.io.unicode.encoding=UnicodeBig
****************End List*******************
